# JRE version: Java(TM) SE Runtime Environment (8.0_111-b14) (build 1.8.0_111-b14)
# Java VM: Java HotSpot(TM) 64-Bit Server VM (25.111-b14 mixed mode linux-amd64 compressed oops)
Heap:
 PSYoungGen      total 207360K, used 21472K [0x00000000eab00000, 0x00000000f8a80000, 0x0000000100000000)
  eden space 185856K, 0% used [0x00000000eab00000,0x00000000eab00000,0x00000000f6080000)
  from space 21504K, 99% used [0x00000000f6080000,0x00000000f75780c8,0x00000000f7580000)
  to   space 16896K, 0% used [0x00000000f7a00000,0x00000000f7a00000,0x00000000f8a80000)
 ParOldGen       total 349696K, used 29838K [0x00000000c0000000, 0x00000000d5580000, 0x00000000eab00000)
  object space 349696K, 8% used [0x00000000c0000000,0x00000000c1d23880,0x00000000d5580000)
 Metaspace       used 29870K, capacity 30858K, committed 31104K, reserved 1077248K
  class space    used 3555K, capacity 3888K, committed 3968K, reserved 1048576K
GC Heap History (10 events):
Event: 3,049 GC heap after
Heap after GC invocations=1 (full 0):
 PSYoungGen      total 153088K, used 16733K [0x00000000eab00000, 0x00000000f5580000, 0x0000000100000000)
  eden space 131584K, 0% used [0x00000000eab00000,0x00000000eab00000,0x00000000f2b80000)
  from space 21504K, 77% used [0x00000000f2b80000,0x00000000f3bd7528,0x00000000f4080000)
  to   space 21504K, 0% used [0x00000000f4080000,0x00000000f4080000,0x00000000f5580000)
 ParOldGen       total 349696K, used 24K [0x00000000c0000000, 0x00000000d5580000, 0x00000000eab00000)
  object space 349696K, 0% used [0x00000000c0000000,0x00000000c0006000,0x00000000d5580000)
 Metaspace       used 14836K, capacity 15126K, committed 15360K, reserved 1062912K
  class space    used 1853K, capacity 1964K, committed 2048K, reserved 1048576K
}
Event: 4,299 GC heap before
{Heap before GC invocations=2 (full 0):
 PSYoungGen      total 153088K, used 106019K [0x00000000eab00000, 0x00000000f5580000, 0x0000000100000000)
  eden space 131584K, 67% used [0x00000000eab00000,0x00000000f02317f0,0x00000000f2b80000)
  from space 21504K, 77% used [0x00000000f2b80000,0x00000000f3bd7528,0x00000000f4080000)
  to   space 21504K, 0% used [0x00000000f4080000,0x00000000f4080000,0x00000000f5580000)
 ParOldGen       total 349696K, used 24K [0x00000000c0000000, 0x00000000d5580000, 0x00000000eab00000)
  object space 349696K, 0% used [0x00000000c0000000,0x00000000c0006000,0x00000000d5580000)
 Metaspace       used 20532K, capacity 21112K, committed 21296K, reserved 1067008K
  class space    used 2625K, capacity 2870K, committed 2944K, reserved 1048576K
Event: 4,336 GC heap after
Heap after GC invocations=2 (full 0):
 PSYoungGen      total 153088K, used 15176K [0x00000000eab00000, 0x00000000fd600000, 0x0000000100000000)
  eden space 131584K, 0% used [0x00000000eab00000,0x00000000eab00000,0x00000000f2b80000)
  from space 21504K, 70% used [0x00000000f4080000,0x00000000f4f52138,0x00000000f5580000)
  to   space 21504K, 0% used [0x00000000f2b80000,0x00000000f2b80000,0x00000000f4080000)
 ParOldGen       total 349696K, used 32K [0x00000000c0000000, 0x00000000d5580000, 0x00000000eab00000)
  object space 349696K, 0% used [0x00000000c0000000,0x00000000c0008000,0x00000000d5580000)
 Metaspace       used 20532K, capacity 21112K, committed 21296K, reserved 1067008K
  class space    used 2625K, capacity 2870K, committed 2944K, reserved 1048576K
}
Event: 4,336 GC heap before
{Heap before GC invocations=3 (full 1):
 PSYoungGen      total 153088K, used 15176K [0x00000000eab00000, 0x00000000fd600000, 0x0000000100000000)
  eden space 131584K, 0% used [0x00000000eab00000,0x00000000eab00000,0x00000000f2b80000)
  from space 21504K, 70% used [0x00000000f4080000,0x00000000f4f52138,0x00000000f5580000)
  to   space 21504K, 0% used [0x00000000f2b80000,0x00000000f2b80000,0x00000000f4080000)
 ParOldGen       total 349696K, used 32K [0x00000000c0000000, 0x00000000d5580000, 0x00000000eab00000)
  object space 349696K, 0% used [0x00000000c0000000,0x00000000c0008000,0x00000000d5580000)
 Metaspace       used 20532K, capacity 21112K, committed 21296K, reserved 1067008K
  class space    used 2625K, capacity 2870K, committed 2944K, reserved 1048576K
Event: 4,435 GC heap after
Heap after GC invocations=3 (full 1):
 PSYoungGen      total 153088K, used 0K [0x00000000eab00000, 0x00000000fd600000, 0x0000000100000000)
  eden space 131584K, 0% used [0x00000000eab00000,0x00000000eab00000,0x00000000f2b80000)
  from space 21504K, 0% used [0x00000000f4080000,0x00000000f4080000,0x00000000f5580000)
  to   space 21504K, 0% used [0x00000000f2b80000,0x00000000f2b80000,0x00000000f4080000)
 ParOldGen       total 349696K, used 14899K [0x00000000c0000000, 0x00000000d5580000, 0x00000000eab00000)
  object space 349696K, 4% used [0x00000000c0000000,0x00000000c0e8cdb8,0x00000000d5580000)
 Metaspace       used 20532K, capacity 21112K, committed 21296K, reserved 1067008K
  class space    used 2625K, capacity 2870K, committed 2944K, reserved 1048576K
}
Event: 6,797 GC heap before
{Heap before GC invocations=4 (full 1):
 PSYoungGen      total 153088K, used 131584K [0x00000000eab00000, 0x00000000fd600000, 0x0000000100000000)
  eden space 131584K, 100% used [0x00000000eab00000,0x00000000f2b80000,0x00000000f2b80000)
  from space 21504K, 0% used [0x00000000f4080000,0x00000000f4080000,0x00000000f5580000)
  to   space 21504K, 0% used [0x00000000f2b80000,0x00000000f2b80000,0x00000000f4080000)
 ParOldGen       total 349696K, used 14899K [0x00000000c0000000, 0x00000000d5580000, 0x00000000eab00000)
  object space 349696K, 4% used [0x00000000c0000000,0x00000000c0e8cdb8,0x00000000d5580000)
 Metaspace       used 25556K, capacity 26232K, committed 26496K, reserved 1073152K
  class space    used 3116K, capacity 3373K, committed 3456K, reserved 1048576K
Event: 6,842 GC heap after
Heap after GC invocations=4 (full 1):
 PSYoungGen      total 153088K, used 21390K [0x00000000eab00000, 0x00000000f8f00000, 0x0000000100000000)
  eden space 131584K, 0% used [0x00000000eab00000,0x00000000eab00000,0x00000000f2b80000)
  from space 21504K, 99% used [0x00000000f2b80000,0x00000000f4063a68,0x00000000f4080000)
  to   space 21504K, 0% used [0x00000000f7a00000,0x00000000f7a00000,0x00000000f8f00000)
 ParOldGen       total 349696K, used 14907K [0x00000000c0000000, 0x00000000d5580000, 0x00000000eab00000)
  object space 349696K, 4% used [0x00000000c0000000,0x00000000c0e8edb8,0x00000000d5580000)
 Metaspace       used 25556K, capacity 26232K, committed 26496K, reserved 1073152K
  class space    used 3116K, capacity 3373K, committed 3456K, reserved 1048576K
}
Event: 9,386 GC heap before
{Heap before GC invocations=5 (full 1):
 PSYoungGen      total 153088K, used 152974K [0x00000000eab00000, 0x00000000f8f00000, 0x0000000100000000)
  eden space 131584K, 100% used [0x00000000eab00000,0x00000000f2b80000,0x00000000f2b80000)
  from space 21504K, 99% used [0x00000000f2b80000,0x00000000f4063a68,0x00000000f4080000)
  to   space 21504K, 0% used [0x00000000f7a00000,0x00000000f7a00000,0x00000000f8f00000)
 ParOldGen       total 349696K, used 14907K [0x00000000c0000000, 0x00000000d5580000, 0x00000000eab00000)
  object space 349696K, 4% used [0x00000000c0000000,0x00000000c0e8edb8,0x00000000d5580000)
 Metaspace       used 27398K, capacity 28170K, committed 28416K, reserved 1075200K
  class space    used 3277K, capacity 3550K, committed 3584K, reserved 1048576K
Event: 9,409 GC heap after
Heap after GC invocations=5 (full 1):
 PSYoungGen      total 202752K, used 14919K [0x00000000eab00000, 0x00000000f8a80000, 0x0000000100000000)
  eden space 185856K, 0% used [0x00000000eab00000,0x00000000eab00000,0x00000000f6080000)
  from space 16896K, 88% used [0x00000000f7a00000,0x00000000f8891fd0,0x00000000f8a80000)
  to   space 21504K, 0% used [0x00000000f6080000,0x00000000f6080000,0x00000000f7580000)
 ParOldGen       total 349696K, used 14915K [0x00000000c0000000, 0x00000000d5580000, 0x00000000eab00000)
  object space 349696K, 4% used [0x00000000c0000000,0x00000000c0e90db8,0x00000000d5580000)
 Metaspace       used 27398K, capacity 28170K, committed 28416K, reserved 1075200K
  class space    used 3277K, capacity 3550K, committed 3584K, reserved 1048576K
}
Event: 11,460 GC heap before
{Heap before GC invocations=6 (full 1):
 PSYoungGen      total 202752K, used 200775K [0x00000000eab00000, 0x00000000f8a80000, 0x0000000100000000)
  eden space 185856K, 100% used [0x00000000eab00000,0x00000000f6080000,0x00000000f6080000)
  from space 16896K, 88% used [0x00000000f7a00000,0x00000000f8891fd0,0x00000000f8a80000)
  to   space 21504K, 0% used [0x00000000f6080000,0x00000000f6080000,0x00000000f7580000)
 ParOldGen       total 349696K, used 14915K [0x00000000c0000000, 0x00000000d5580000, 0x00000000eab00000)
  object space 349696K, 4% used [0x00000000c0000000,0x00000000c0e90db8,0x00000000d5580000)
 Metaspace       used 29870K, capacity 30858K, committed 31104K, reserved 1077248K
  class space    used 3555K, capacity 3888K, committed 3968K, reserved 1048576K

