# JRE version: Java(TM) SE Runtime Environment (8.0_111-b14) (build 1.8.0_111-b14)
# Java VM: Java HotSpot(TM) 64-Bit Server VM (25.111-b14 mixed mode linux-amd64 compressed oops)
Heap:
 PSYoungGen      total 284672K, used 17061K [0x00000000eab00000, 0x00000000fd600000, 0x0000000100000000)
  eden space 263168K, 0% used [0x00000000eab00000,0x00000000eab00000,0x00000000fac00000)
  from space 21504K, 79% used [0x00000000fac00000,0x00000000fbca96e0,0x00000000fc100000)
  to   space 21504K, 0% used [0x00000000fc100000,0x00000000fc100000,0x00000000fd600000)
 ParOldGen       total 349696K, used 14896K [0x00000000c0000000, 0x00000000d5580000, 0x00000000eab00000)
  object space 349696K, 4% used [0x00000000c0000000,0x00000000c0e8c390,0x00000000d5580000)
 Metaspace       used 27026K, capacity 27746K, committed 27904K, reserved 1073152K
  class space    used 3222K, capacity 3518K, committed 3584K, reserved 1048576K
GC Heap History (7 events):
Event: 2,711 GC heap before
{Heap before GC invocations=1 (full 0):
 PSYoungGen      total 153088K, used 131584K [0x00000000eab00000, 0x00000000f5580000, 0x0000000100000000)
  eden space 131584K, 100% used [0x00000000eab00000,0x00000000f2b80000,0x00000000f2b80000)
  from space 21504K, 0% used [0x00000000f4080000,0x00000000f4080000,0x00000000f5580000)
  to   space 21504K, 0% used [0x00000000f2b80000,0x00000000f2b80000,0x00000000f4080000)
 ParOldGen       total 349696K, used 0K [0x00000000c0000000, 0x00000000d5580000, 0x00000000eab00000)
  object space 349696K, 0% used [0x00000000c0000000,0x00000000c0000000,0x00000000d5580000)
 Metaspace       used 14804K, capacity 15126K, committed 15360K, reserved 1062912K
  class space    used 1853K, capacity 1964K, committed 2048K, reserved 1048576K
Event: 2,769 GC heap after
Heap after GC invocations=1 (full 0):
 PSYoungGen      total 153088K, used 16597K [0x00000000eab00000, 0x00000000fd600000, 0x0000000100000000)
  eden space 131584K, 0% used [0x00000000eab00000,0x00000000eab00000,0x00000000f2b80000)
  from space 21504K, 77% used [0x00000000f2b80000,0x00000000f3bb56c8,0x00000000f4080000)
  to   space 21504K, 0% used [0x00000000fc100000,0x00000000fc100000,0x00000000fd600000)
 ParOldGen       total 349696K, used 16K [0x00000000c0000000, 0x00000000d5580000, 0x00000000eab00000)
  object space 349696K, 0% used [0x00000000c0000000,0x00000000c0004000,0x00000000d5580000)
 Metaspace       used 14804K, capacity 15126K, committed 15360K, reserved 1062912K
  class space    used 1853K, capacity 1964K, committed 2048K, reserved 1048576K
}
Event: 4,394 GC heap before
{Heap before GC invocations=2 (full 0):
 PSYoungGen      total 153088K, used 108180K [0x00000000eab00000, 0x00000000fd600000, 0x0000000100000000)
  eden space 131584K, 69% used [0x00000000eab00000,0x00000000f046fa50,0x00000000f2b80000)
  from space 21504K, 77% used [0x00000000f2b80000,0x00000000f3bb56c8,0x00000000f4080000)
  to   space 21504K, 0% used [0x00000000fc100000,0x00000000fc100000,0x00000000fd600000)
 ParOldGen       total 349696K, used 16K [0x00000000c0000000, 0x00000000d5580000, 0x00000000eab00000)
  object space 349696K, 0% used [0x00000000c0000000,0x00000000c0004000,0x00000000d5580000)
 Metaspace       used 20429K, capacity 21080K, committed 21296K, reserved 1067008K
  class space    used 2603K, capacity 2838K, committed 2944K, reserved 1048576K
Event: 4,440 GC heap after
Heap after GC invocations=2 (full 0):
 PSYoungGen      total 284672K, used 15096K [0x00000000eab00000, 0x00000000fd600000, 0x0000000100000000)
  eden space 263168K, 0% used [0x00000000eab00000,0x00000000eab00000,0x00000000fac00000)
  from space 21504K, 70% used [0x00000000fc100000,0x00000000fcfbe190,0x00000000fd600000)
  to   space 21504K, 0% used [0x00000000fac00000,0x00000000fac00000,0x00000000fc100000)
 ParOldGen       total 349696K, used 24K [0x00000000c0000000, 0x00000000d5580000, 0x00000000eab00000)
  object space 349696K, 0% used [0x00000000c0000000,0x00000000c0006000,0x00000000d5580000)
 Metaspace       used 20429K, capacity 21080K, committed 21296K, reserved 1067008K
  class space    used 2603K, capacity 2838K, committed 2944K, reserved 1048576K
}
Event: 4,441 GC heap before
{Heap before GC invocations=3 (full 1):
 PSYoungGen      total 284672K, used 15096K [0x00000000eab00000, 0x00000000fd600000, 0x0000000100000000)
  eden space 263168K, 0% used [0x00000000eab00000,0x00000000eab00000,0x00000000fac00000)
  from space 21504K, 70% used [0x00000000fc100000,0x00000000fcfbe190,0x00000000fd600000)
  to   space 21504K, 0% used [0x00000000fac00000,0x00000000fac00000,0x00000000fc100000)
 ParOldGen       total 349696K, used 24K [0x00000000c0000000, 0x00000000d5580000, 0x00000000eab00000)
  object space 349696K, 0% used [0x00000000c0000000,0x00000000c0006000,0x00000000d5580000)
 Metaspace       used 20429K, capacity 21080K, committed 21296K, reserved 1067008K
  class space    used 2603K, capacity 2838K, committed 2944K, reserved 1048576K
Event: 4,535 GC heap after
Heap after GC invocations=3 (full 1):
 PSYoungGen      total 284672K, used 0K [0x00000000eab00000, 0x00000000fd600000, 0x0000000100000000)
  eden space 263168K, 0% used [0x00000000eab00000,0x00000000eab00000,0x00000000fac00000)
  from space 21504K, 0% used [0x00000000fc100000,0x00000000fc100000,0x00000000fd600000)
  to   space 21504K, 0% used [0x00000000fac00000,0x00000000fac00000,0x00000000fc100000)
 ParOldGen       total 349696K, used 14888K [0x00000000c0000000, 0x00000000d5580000, 0x00000000eab00000)
  object space 349696K, 4% used [0x00000000c0000000,0x00000000c0e8a390,0x00000000d5580000)
 Metaspace       used 20429K, capacity 21080K, committed 21296K, reserved 1067008K
  class space    used 2603K, capacity 2838K, committed 2944K, reserved 1048576K
}
Event: 9,879 GC heap before
{Heap before GC invocations=4 (full 1):
 PSYoungGen      total 284672K, used 263168K [0x00000000eab00000, 0x00000000fd600000, 0x0000000100000000)
  eden space 263168K, 100% used [0x00000000eab00000,0x00000000fac00000,0x00000000fac00000)
  from space 21504K, 0% used [0x00000000fc100000,0x00000000fc100000,0x00000000fd600000)
  to   space 21504K, 0% used [0x00000000fac00000,0x00000000fac00000,0x00000000fc100000)
 ParOldGen       total 349696K, used 14888K [0x00000000c0000000, 0x00000000d5580000, 0x00000000eab00000)
  object space 349696K, 4% used [0x00000000c0000000,0x00000000c0e8a390,0x00000000d5580000)
 Metaspace       used 27026K, capacity 27746K, committed 27904K, reserved 1073152K
  class space    used 3222K, capacity 3518K, committed 3584K, reserved 1048576K

